{"C:\\Users\\CHAKRITHA\\OneDrive\\Documents\\Prodesk IT\\MISSION-11\\frontend\\src\\pages\\Community.jsx": {"path":"C:\\Users\\CHAKRITHA\\OneDrive\\Documents\\Prodesk IT\\MISSION-11\\frontend\\src\\pages\\Community.jsx","statementMap":{"0":{"start":{"line":4,"column":16},"end":{"line":4,"column":null}},"1":{"start":{"line":7,"column":16},"end":{"line":7,"column":null}},"2":{"start":{"line":8,"column":18},"end":{"line":8,"column":null}},"3":{"start":{"line":9,"column":21},"end":{"line":9,"column":null}},"4":{"start":{"line":10,"column":16},"end":{"line":10,"column":null}},"5":{"start":{"line":13,"column":16},"end":{"line":13,"column":null}},"6":{"start":{"line":14,"column":18},"end":{"line":14,"column":null}},"7":{"start":{"line":16,"column":21},"end":{"line":32,"column":null}},"8":{"start":{"line":17,"column":4},"end":{"line":17,"column":null}},"9":{"start":{"line":18,"column":4},"end":{"line":18,"column":null}},"10":{"start":{"line":19,"column":4},"end":{"line":31,"column":null}},"11":{"start":{"line":20,"column":23},"end":{"line":20,"column":null}},"12":{"start":{"line":21,"column":6},"end":{"line":23,"column":null}},"13":{"start":{"line":22,"column":8},"end":{"line":22,"column":null}},"14":{"start":{"line":24,"column":19},"end":{"line":24,"column":null}},"15":{"start":{"line":25,"column":6},"end":{"line":25,"column":null}},"16":{"start":{"line":27,"column":6},"end":{"line":27,"column":null}},"17":{"start":{"line":28,"column":6},"end":{"line":28,"column":null}},"18":{"start":{"line":30,"column":6},"end":{"line":30,"column":null}},"19":{"start":{"line":34,"column":2},"end":{"line":36,"column":null}},"20":{"start":{"line":35,"column":4},"end":{"line":35,"column":null}},"21":{"start":{"line":38,"column":27},"end":{"line":76,"column":null}},"22":{"start":{"line":39,"column":4},"end":{"line":39,"column":null}},"23":{"start":{"line":40,"column":4},"end":{"line":40,"column":null}},"24":{"start":{"line":40,"column":42},"end":{"line":40,"column":null}},"25":{"start":{"line":42,"column":4},"end":{"line":42,"column":null}},"26":{"start":{"line":43,"column":4},"end":{"line":43,"column":null}},"27":{"start":{"line":44,"column":4},"end":{"line":75,"column":null}},"28":{"start":{"line":45,"column":23},"end":{"line":54,"column":null}},"29":{"start":{"line":56,"column":6},"end":{"line":58,"column":null}},"30":{"start":{"line":57,"column":8},"end":{"line":57,"column":null}},"31":{"start":{"line":60,"column":21},"end":{"line":60,"column":null}},"32":{"start":{"line":63,"column":6},"end":{"line":69,"column":null}},"33":{"start":{"line":64,"column":8},"end":{"line":64,"column":null}},"34":{"start":{"line":64,"column":27},"end":{"line":64,"column":49}},"35":{"start":{"line":65,"column":8},"end":{"line":65,"column":null}},"36":{"start":{"line":66,"column":8},"end":{"line":66,"column":null}},"37":{"start":{"line":68,"column":8},"end":{"line":68,"column":null}},"38":{"start":{"line":71,"column":6},"end":{"line":71,"column":null}},"39":{"start":{"line":72,"column":6},"end":{"line":72,"column":null}},"40":{"start":{"line":74,"column":6},"end":{"line":74,"column":null}},"41":{"start":{"line":78,"column":27},"end":{"line":95,"column":null}},"42":{"start":{"line":79,"column":4},"end":{"line":79,"column":null}},"43":{"start":{"line":80,"column":4},"end":{"line":94,"column":null}},"44":{"start":{"line":81,"column":23},"end":{"line":83,"column":null}},"45":{"start":{"line":85,"column":6},"end":{"line":87,"column":null}},"46":{"start":{"line":86,"column":8},"end":{"line":86,"column":null}},"47":{"start":{"line":90,"column":6},"end":{"line":90,"column":null}},"48":{"start":{"line":90,"column":25},"end":{"line":90,"column":62}},"49":{"start":{"line":90,"column":47},"end":{"line":90,"column":61}},"50":{"start":{"line":92,"column":6},"end":{"line":92,"column":null}},"51":{"start":{"line":93,"column":6},"end":{"line":93,"column":null}},"52":{"start":{"line":97,"column":2},"end":{"line":378,"column":null}},"53":{"start":{"line":139,"column":33},"end":{"line":139,"column":null}},"54":{"start":{"line":140,"column":32},"end":{"line":140,"column":null}},"55":{"start":{"line":173,"column":29},"end":{"line":173,"column":null}},"56":{"start":{"line":197,"column":29},"end":{"line":197,"column":null}},"57":{"start":{"line":213,"column":29},"end":{"line":213,"column":null}},"58":{"start":{"line":214,"column":28},"end":{"line":214,"column":null}},"59":{"start":{"line":239,"column":12},"end":{"line":239,"column":null}},"60":{"start":{"line":239,"column":29},"end":{"line":239,"column":null}},"61":{"start":{"line":242,"column":12},"end":{"line":242,"column":null}},"62":{"start":{"line":242,"column":29},"end":{"line":242,"column":null}},"63":{"start":{"line":268,"column":12},"end":{"line":286,"column":null}},"64":{"start":{"line":299,"column":12},"end":{"line":362,"column":null}},"65":{"start":{"line":312,"column":16},"end":{"line":312,"column":null}},"66":{"start":{"line":313,"column":16},"end":{"line":313,"column":null}},"67":{"start":{"line":316,"column":16},"end":{"line":316,"column":null}},"68":{"start":{"line":317,"column":16},"end":{"line":317,"column":null}},"69":{"start":{"line":325,"column":33},"end":{"line":325,"column":null}},"70":{"start":{"line":342,"column":20},"end":{"line":342,"column":null}},"71":{"start":{"line":343,"column":20},"end":{"line":343,"column":null}},"72":{"start":{"line":346,"column":20},"end":{"line":346,"column":null}},"73":{"start":{"line":347,"column":20},"end":{"line":347,"column":null}}},"fnMap":{"0":{"name":"Community","decl":{"start":{"line":6,"column":9},"end":{"line":6,"column":21}},"loc":{"start":{"line":6,"column":21},"end":{"line":380,"column":null}},"line":6},"1":{"name":"(anonymous_1)","decl":{"start":{"line":16,"column":21},"end":{"line":16,"column":33}},"loc":{"start":{"line":16,"column":33},"end":{"line":32,"column":null}},"line":16},"2":{"name":"(anonymous_2)","decl":{"start":{"line":34,"column":2},"end":{"line":34,"column":18}},"loc":{"start":{"line":34,"column":18},"end":{"line":36,"column":5}},"line":34},"3":{"name":"(anonymous_3)","decl":{"start":{"line":38,"column":27},"end":{"line":38,"column":34}},"loc":{"start":{"line":38,"column":40},"end":{"line":76,"column":null}},"line":38},"4":{"name":"(anonymous_4)","decl":{"start":{"line":64,"column":8},"end":{"line":64,"column":18}},"loc":{"start":{"line":64,"column":27},"end":{"line":64,"column":49}},"line":64},"5":{"name":"(anonymous_5)","decl":{"start":{"line":78,"column":27},"end":{"line":78,"column":34}},"loc":{"start":{"line":78,"column":41},"end":{"line":95,"column":null}},"line":78},"6":{"name":"(anonymous_6)","decl":{"start":{"line":90,"column":6},"end":{"line":90,"column":16}},"loc":{"start":{"line":90,"column":25},"end":{"line":90,"column":62}},"line":90},"7":{"name":"(anonymous_7)","decl":{"start":{"line":90,"column":30},"end":{"line":90,"column":38}},"loc":{"start":{"line":90,"column":47},"end":{"line":90,"column":61}},"line":90},"8":{"name":"(anonymous_8)","decl":{"start":{"line":139,"column":12},"end":{"line":139,"column":26}},"loc":{"start":{"line":139,"column":33},"end":{"line":139,"column":null}},"line":139},"9":{"name":"(anonymous_9)","decl":{"start":{"line":140,"column":12},"end":{"line":140,"column":25}},"loc":{"start":{"line":140,"column":32},"end":{"line":140,"column":null}},"line":140},"10":{"name":"(anonymous_10)","decl":{"start":{"line":173,"column":12},"end":{"line":173,"column":23}},"loc":{"start":{"line":173,"column":29},"end":{"line":173,"column":null}},"line":173},"11":{"name":"(anonymous_11)","decl":{"start":{"line":197,"column":12},"end":{"line":197,"column":23}},"loc":{"start":{"line":197,"column":29},"end":{"line":197,"column":null}},"line":197},"12":{"name":"(anonymous_12)","decl":{"start":{"line":213,"column":12},"end":{"line":213,"column":22}},"loc":{"start":{"line":213,"column":29},"end":{"line":213,"column":null}},"line":213},"13":{"name":"(anonymous_13)","decl":{"start":{"line":214,"column":12},"end":{"line":214,"column":21}},"loc":{"start":{"line":214,"column":28},"end":{"line":214,"column":null}},"line":214},"14":{"name":"(anonymous_14)","decl":{"start":{"line":238,"column":10},"end":{"line":238,"column":24}},"loc":{"start":{"line":238,"column":30},"end":{"line":240,"column":null}},"line":238},"15":{"name":"(anonymous_15)","decl":{"start":{"line":241,"column":10},"end":{"line":241,"column":23}},"loc":{"start":{"line":241,"column":29},"end":{"line":243,"column":null}},"line":241},"16":{"name":"(anonymous_16)","decl":{"start":{"line":267,"column":21},"end":{"line":267,"column":26}},"loc":{"start":{"line":268,"column":12},"end":{"line":286,"column":null}},"line":268},"17":{"name":"(anonymous_17)","decl":{"start":{"line":298,"column":17},"end":{"line":298,"column":22}},"loc":{"start":{"line":299,"column":12},"end":{"line":362,"column":null}},"line":299},"18":{"name":"(anonymous_18)","decl":{"start":{"line":311,"column":14},"end":{"line":311,"column":28}},"loc":{"start":{"line":311,"column":34},"end":{"line":314,"column":null}},"line":311},"19":{"name":"(anonymous_19)","decl":{"start":{"line":315,"column":14},"end":{"line":315,"column":27}},"loc":{"start":{"line":315,"column":33},"end":{"line":318,"column":null}},"line":315},"20":{"name":"(anonymous_20)","decl":{"start":{"line":325,"column":18},"end":{"line":325,"column":33}},"loc":{"start":{"line":325,"column":33},"end":{"line":325,"column":null}},"line":325},"21":{"name":"(anonymous_21)","decl":{"start":{"line":341,"column":18},"end":{"line":341,"column":32}},"loc":{"start":{"line":341,"column":38},"end":{"line":344,"column":null}},"line":341},"22":{"name":"(anonymous_22)","decl":{"start":{"line":345,"column":18},"end":{"line":345,"column":31}},"loc":{"start":{"line":345,"column":37},"end":{"line":348,"column":null}},"line":345}},"branchMap":{"0":{"loc":{"start":{"line":4,"column":16},"end":{"line":4,"column":null}},"type":"binary-expr","locations":[{"start":{"line":4,"column":16},"end":{"line":4,"column":48}},{"start":{"line":4,"column":48},"end":{"line":4,"column":null}}],"line":4},"1":{"loc":{"start":{"line":21,"column":6},"end":{"line":23,"column":null}},"type":"if","locations":[{"start":{"line":21,"column":6},"end":{"line":23,"column":null}},{"start":{},"end":{}}],"line":21},"2":{"loc":{"start":{"line":25,"column":15},"end":{"line":25,"column":46}},"type":"cond-expr","locations":[{"start":{"line":25,"column":37},"end":{"line":25,"column":44}},{"start":{"line":25,"column":44},"end":{"line":25,"column":46}}],"line":25},"3":{"loc":{"start":{"line":40,"column":4},"end":{"line":40,"column":null}},"type":"if","locations":[{"start":{"line":40,"column":4},"end":{"line":40,"column":null}},{"start":{},"end":{}}],"line":40},"4":{"loc":{"start":{"line":40,"column":8},"end":{"line":40,"column":42}},"type":"binary-expr","locations":[{"start":{"line":40,"column":8},"end":{"line":40,"column":25}},{"start":{"line":40,"column":25},"end":{"line":40,"column":42}}],"line":40},"5":{"loc":{"start":{"line":56,"column":6},"end":{"line":58,"column":null}},"type":"if","locations":[{"start":{"line":56,"column":6},"end":{"line":58,"column":null}},{"start":{},"end":{}}],"line":56},"6":{"loc":{"start":{"line":63,"column":6},"end":{"line":69,"column":null}},"type":"if","locations":[{"start":{"line":63,"column":6},"end":{"line":69,"column":null}},{"start":{"line":67,"column":13},"end":{"line":69,"column":null}}],"line":63},"7":{"loc":{"start":{"line":63,"column":10},"end":{"line":63,"column":41}},"type":"binary-expr","locations":[{"start":{"line":63,"column":10},"end":{"line":63,"column":28}},{"start":{"line":63,"column":28},"end":{"line":63,"column":41}}],"line":63},"8":{"loc":{"start":{"line":85,"column":6},"end":{"line":87,"column":null}},"type":"if","locations":[{"start":{"line":85,"column":6},"end":{"line":87,"column":null}},{"start":{},"end":{}}],"line":85},"9":{"loc":{"start":{"line":107,"column":7},"end":{"line":144,"column":null}},"type":"binary-expr","locations":[{"start":{"line":107,"column":7},"end":{"line":107,"column":null}},{"start":{"line":108,"column":8},"end":{"line":144,"column":null}}],"line":107},"10":{"loc":{"start":{"line":236,"column":21},"end":{"line":236,"column":null}},"type":"cond-expr","locations":[{"start":{"line":236,"column":34},"end":{"line":236,"column":40}},{"start":{"line":236,"column":40},"end":{"line":236,"column":null}}],"line":236},"11":{"loc":{"start":{"line":239,"column":12},"end":{"line":239,"column":null}},"type":"if","locations":[{"start":{"line":239,"column":12},"end":{"line":239,"column":null}},{"start":{},"end":{}}],"line":239},"12":{"loc":{"start":{"line":242,"column":12},"end":{"line":242,"column":null}},"type":"if","locations":[{"start":{"line":242,"column":12},"end":{"line":242,"column":null}},{"start":{},"end":{}}],"line":242},"13":{"loc":{"start":{"line":245,"column":11},"end":{"line":254,"column":null}},"type":"cond-expr","locations":[{"start":{"line":246,"column":12},"end":{"line":251,"column":null}},{"start":{"line":251,"column":12},"end":{"line":254,"column":null}}],"line":245},"14":{"loc":{"start":{"line":264,"column":7},"end":{"line":364,"column":null}},"type":"cond-expr","locations":[{"start":{"line":265,"column":8},"end":{"line":292,"column":16}},{"start":{"line":292,"column":10},"end":{"line":364,"column":null}}],"line":264},"15":{"loc":{"start":{"line":292,"column":10},"end":{"line":364,"column":null}},"type":"cond-expr","locations":[{"start":{"line":293,"column":8},"end":{"line":297,"column":9}},{"start":{"line":297,"column":8},"end":{"line":364,"column":null}}],"line":292},"16":{"loc":{"start":{"line":360,"column":23},"end":{"line":360,"column":105}},"type":"cond-expr","locations":[{"start":{"line":360,"column":40},"end":{"line":360,"column":88}},{"start":{"line":360,"column":88},"end":{"line":360,"column":105}}],"line":360}},"s":{"0":1,"1":23,"2":23,"3":23,"4":23,"5":23,"6":23,"7":23,"8":6,"9":6,"10":6,"11":6,"12":5,"13":0,"14":5,"15":5,"16":1,"17":1,"18":6,"19":23,"20":5,"21":23,"22":1,"23":1,"24":0,"25":1,"26":1,"27":1,"28":1,"29":1,"30":0,"31":1,"32":1,"33":1,"34":1,"35":1,"36":1,"37":0,"38":0,"39":0,"40":1,"41":23,"42":1,"43":1,"44":1,"45":1,"46":0,"47":1,"48":1,"49":1,"50":0,"51":0,"52":23,"53":0,"54":0,"55":1,"56":1,"57":0,"58":0,"59":0,"60":0,"61":0,"62":0,"63":18,"64":5,"65":0,"66":0,"67":0,"68":0,"69":1,"70":0,"71":0,"72":0,"73":0},"f":{"0":23,"1":6,"2":5,"3":1,"4":1,"5":1,"6":1,"7":1,"8":0,"9":0,"10":1,"11":1,"12":0,"13":0,"14":0,"15":0,"16":18,"17":5,"18":0,"19":0,"20":1,"21":0,"22":0},"b":{"0":[1,1],"1":[0,5],"2":[5,0],"3":[0,1],"4":[1,1],"5":[0,1],"6":[1,0],"7":[1,1],"8":[0,1],"9":[23,1],"10":[1,22],"11":[0,0],"12":[0,0],"13":[1,22],"14":[6,17],"15":[12,5],"16":[5,0]},"meta":{"lastBranch":17,"lastFunction":23,"lastStatement":74,"seen":{"s:4:16:4:Infinity":0,"b:4:16:4:48:4:48:4:Infinity":0,"f:6:9:6:21":0,"s:7:16:7:Infinity":1,"s:8:18:8:Infinity":2,"s:9:21:9:Infinity":3,"s:10:16:10:Infinity":4,"s:13:16:13:Infinity":5,"s:14:18:14:Infinity":6,"s:16:21:32:Infinity":7,"f:16:21:16:33":1,"s:17:4:17:Infinity":8,"s:18:4:18:Infinity":9,"s:19:4:31:Infinity":10,"s:20:23:20:Infinity":11,"b:21:6:23:Infinity:undefined:undefined:undefined:undefined":1,"s:21:6:23:Infinity":12,"s:22:8:22:Infinity":13,"s:24:19:24:Infinity":14,"s:25:6:25:Infinity":15,"b:25:37:25:44:25:44:25:46":2,"s:27:6:27:Infinity":16,"s:28:6:28:Infinity":17,"s:30:6:30:Infinity":18,"s:34:2:36:Infinity":19,"f:34:2:34:18":2,"s:35:4:35:Infinity":20,"s:38:27:76:Infinity":21,"f:38:27:38:34":3,"s:39:4:39:Infinity":22,"b:40:4:40:Infinity:undefined:undefined:undefined:undefined":3,"s:40:4:40:Infinity":23,"b:40:8:40:25:40:25:40:42":4,"s:40:42:40:Infinity":24,"s:42:4:42:Infinity":25,"s:43:4:43:Infinity":26,"s:44:4:75:Infinity":27,"s:45:23:54:Infinity":28,"b:56:6:58:Infinity:undefined:undefined:undefined:undefined":5,"s:56:6:58:Infinity":29,"s:57:8:57:Infinity":30,"s:60:21:60:Infinity":31,"b:63:6:69:Infinity:67:13:69:Infinity":6,"s:63:6:69:Infinity":32,"b:63:10:63:28:63:28:63:41":7,"s:64:8:64:Infinity":33,"f:64:8:64:18":4,"s:64:27:64:49":34,"s:65:8:65:Infinity":35,"s:66:8:66:Infinity":36,"s:68:8:68:Infinity":37,"s:71:6:71:Infinity":38,"s:72:6:72:Infinity":39,"s:74:6:74:Infinity":40,"s:78:27:95:Infinity":41,"f:78:27:78:34":5,"s:79:4:79:Infinity":42,"s:80:4:94:Infinity":43,"s:81:23:83:Infinity":44,"b:85:6:87:Infinity:undefined:undefined:undefined:undefined":8,"s:85:6:87:Infinity":45,"s:86:8:86:Infinity":46,"s:90:6:90:Infinity":47,"f:90:6:90:16":6,"s:90:25:90:62":48,"f:90:30:90:38":7,"s:90:47:90:61":49,"s:92:6:92:Infinity":50,"s:93:6:93:Infinity":51,"s:97:2:378:Infinity":52,"b:107:7:107:Infinity:108:8:144:Infinity":9,"f:139:12:139:26":8,"s:139:33:139:Infinity":53,"f:140:12:140:25":9,"s:140:32:140:Infinity":54,"f:173:12:173:23":10,"s:173:29:173:Infinity":55,"f:197:12:197:23":11,"s:197:29:197:Infinity":56,"f:213:12:213:22":12,"s:213:29:213:Infinity":57,"f:214:12:214:21":13,"s:214:28:214:Infinity":58,"b:236:34:236:40:236:40:236:Infinity":10,"f:238:10:238:24":14,"b:239:12:239:Infinity:undefined:undefined:undefined:undefined":11,"s:239:12:239:Infinity":59,"s:239:29:239:Infinity":60,"f:241:10:241:23":15,"b:242:12:242:Infinity:undefined:undefined:undefined:undefined":12,"s:242:12:242:Infinity":61,"s:242:29:242:Infinity":62,"b:246:12:251:Infinity:251:12:254:Infinity":13,"b:265:8:292:16:292:10:364:Infinity":14,"f:267:21:267:26":16,"s:268:12:286:Infinity":63,"b:293:8:297:9:297:8:364:Infinity":15,"f:298:17:298:22":17,"s:299:12:362:Infinity":64,"f:311:14:311:28":18,"s:312:16:312:Infinity":65,"s:313:16:313:Infinity":66,"f:315:14:315:27":19,"s:316:16:316:Infinity":67,"s:317:16:317:Infinity":68,"f:325:18:325:33":20,"s:325:33:325:Infinity":69,"f:341:18:341:32":21,"s:342:20:342:Infinity":70,"s:343:20:343:Infinity":71,"f:345:18:345:31":22,"s:346:20:346:Infinity":72,"s:347:20:347:Infinity":73,"b:360:40:360:88:360:88:360:105":16},"fnNames":{}}}
}
