TN:
SF:src\pages\Community.jsx
FN:6,Community
FN:16,(anonymous_1)
FN:34,(anonymous_2)
FN:38,(anonymous_3)
FN:64,(anonymous_4)
FN:78,(anonymous_5)
FN:90,(anonymous_6)
FN:90,(anonymous_7)
FN:139,(anonymous_8)
FN:140,(anonymous_9)
FN:173,(anonymous_10)
FN:197,(anonymous_11)
FN:213,(anonymous_12)
FN:214,(anonymous_13)
FN:238,(anonymous_14)
FN:241,(anonymous_15)
FN:267,(anonymous_16)
FN:298,(anonymous_17)
FN:311,(anonymous_18)
FN:315,(anonymous_19)
FN:325,(anonymous_20)
FN:341,(anonymous_21)
FN:345,(anonymous_22)
FNF:23
FNH:13
FNDA:23,Community
FNDA:6,(anonymous_1)
FNDA:5,(anonymous_2)
FNDA:1,(anonymous_3)
FNDA:1,(anonymous_4)
FNDA:1,(anonymous_5)
FNDA:1,(anonymous_6)
FNDA:1,(anonymous_7)
FNDA:0,(anonymous_8)
FNDA:0,(anonymous_9)
FNDA:1,(anonymous_10)
FNDA:1,(anonymous_11)
FNDA:0,(anonymous_12)
FNDA:0,(anonymous_13)
FNDA:0,(anonymous_14)
FNDA:0,(anonymous_15)
FNDA:18,(anonymous_16)
FNDA:5,(anonymous_17)
FNDA:0,(anonymous_18)
FNDA:0,(anonymous_19)
FNDA:1,(anonymous_20)
FNDA:0,(anonymous_21)
FNDA:0,(anonymous_22)
DA:4,1
DA:7,23
DA:8,23
DA:9,23
DA:10,23
DA:13,23
DA:14,23
DA:16,23
DA:17,6
DA:18,6
DA:19,6
DA:20,6
DA:21,5
DA:22,0
DA:24,5
DA:25,5
DA:27,1
DA:28,1
DA:30,6
DA:34,23
DA:35,5
DA:38,23
DA:39,1
DA:40,1
DA:42,1
DA:43,1
DA:44,1
DA:45,1
DA:56,1
DA:57,0
DA:60,1
DA:63,1
DA:64,1
DA:65,1
DA:66,1
DA:68,0
DA:71,0
DA:72,0
DA:74,1
DA:78,23
DA:79,1
DA:80,1
DA:81,1
DA:85,1
DA:86,0
DA:90,1
DA:92,0
DA:93,0
DA:97,23
DA:139,0
DA:140,0
DA:173,1
DA:197,1
DA:213,0
DA:214,0
DA:239,0
DA:242,0
DA:268,18
DA:299,5
DA:312,0
DA:313,0
DA:316,0
DA:317,0
DA:325,1
DA:342,0
DA:343,0
DA:346,0
DA:347,0
LF:68
LH:46
BRDA:4,0,0,1
BRDA:4,0,1,1
BRDA:21,1,0,0
BRDA:21,1,1,5
BRDA:25,2,0,5
BRDA:25,2,1,0
BRDA:40,3,0,0
BRDA:40,3,1,1
BRDA:40,4,0,1
BRDA:40,4,1,1
BRDA:56,5,0,0
BRDA:56,5,1,1
BRDA:63,6,0,1
BRDA:63,6,1,0
BRDA:63,7,0,1
BRDA:63,7,1,1
BRDA:85,8,0,0
BRDA:85,8,1,1
BRDA:107,9,0,23
BRDA:107,9,1,1
BRDA:236,10,0,1
BRDA:236,10,1,22
BRDA:239,11,0,0
BRDA:239,11,1,0
BRDA:242,12,0,0
BRDA:242,12,1,0
BRDA:245,13,0,1
BRDA:245,13,1,22
BRDA:264,14,0,6
BRDA:264,14,1,17
BRDA:292,15,0,12
BRDA:292,15,1,5
BRDA:360,16,0,5
BRDA:360,16,1,0
BRF:34
BRH:23
end_of_record
